app/build/outputs/mapping/proguard/seeds.txt
com.google.mlkit.vision.demo.java.LivePreviewActivity: LivePreviewActivity()
com.google.mlkit.vision.demo.CameraSourcePreview: CameraSourcePreview(android.content.Context,android.util.AttributeSet)
com.google.mlkit.vision.demo.preference.SettingsActivity$LaunchSource: com.google.mlkit.vision.demo.preference.SettingsActivity$LaunchSource[] values()
com.google.mlkit.vision.demo.GraphicOverlay: int getImageWidth()
com.google.mlkit.vision.demo.preference.SettingsActivity: SettingsActivity()
com.google.mlkit.vision.demo.preference.SettingsActivity$LaunchSource: com.google.mlkit.vision.demo.preference.SettingsActivity$LaunchSource valueOf(java.lang.String)
com.google.mlkit.vision.demo.preference.SettingsActivity
com.google.mlkit.vision.demo.GraphicOverlay
com.google.mlkit.vision.demo.CameraSourcePreview
com.google.mlkit.vision.demo.GraphicOverlay: GraphicOverlay(android.content.Context,android.util.AttributeSet)
com.google.mlkit.vision.demo.GraphicOverlay: int getImageHeight()
com.google.mlkit.vision.demo.java.LivePreviewActivity
...
com.google.android.gms.internal.mlkit_vision_object_detection_bundled.zzlq: boolean zzo
com.google.android.libraries.vision.visionkit.pipeline.zzdh: int zzb
com.google.android.gms.internal.mlkit_vision_internal_vkp.zznf: boolean zzf
com.google.android.gms.internal.mlkit_vision_internal_vkp.zzahv: com.google.android.gms.internal.mlkit_vision_internal_vkp.zzacz zzk
com.google.android.gms.internal.mlkit_vision_label_custom.zzzt: com.google.android.gms.internal.mlkit_vision_label_custom.zzzt[] values()
com.google.android.gms.internal.mlkit_vision_barcode.zzi: android.os.Parcelable$Creator CREATOR
com.google.android.gms.internal.mlkit_vision_label_bundled.zzji: com.google.android.gms.internal.mlkit_vision_label_bundled.zzjn zze
com.google.android.gms.internal.mlkit_vision_segmentation_bundled.zzlk: int zzb
com.google.android.gms.internal.mlkit_vision_label_custom.zzdd: int zze
com.google.android.gms.internal.mlkit_vision_internal_vkp.zzdc
com.google.android.gms.internal.mlkit_vision_object_detection_bundled.zzjp
com.google.android.gms.internal.mlkit_vision_internal_vkp.zzzw: java.lang.String zzp
com.google.android.gms.internal.mlkit_vision_object_detection_bundled.zzgw: com.google.android.gms.internal.mlkit_vision_object_detection_bundled.zzkn zzx
com.google.android.gms.internal.mlkit_vision_internal_vkp.zzams: com.google.android.gms.internal.mlkit_vision_internal_vkp.zzalv zzm
com.google.android.gms.internal.mlkit_vision_object_detection_bundled.zzjx: float zzi
com.google.android.gms.internal.mlkit_vision_object_detection_bundled.zzlq: int zzb
com.google.android.gms.internal.mlkit_vision_label_bundled.zzzv: com.google.android.gms.internal.mlkit_vision_label_bundled.zzzv[] values()
com.google.android.gms.internal.mlkit_vision_label_custom.zzgv: com.google.android.gms.internal.mlkit_vision_label_custom.zzgv zzh
com.google.android.gms.common.api.internal.LifecycleCallback
com.google.android.gms.internal.mlkit_vision_pose_common.zzrq: com.google.android.gms.internal.mlkit_vision_pose_common.zzrq zzp
androidx.vectordrawable.graphics.drawable.VectorDrawableCompat$VGroup: void setPivotX(float)
com.google.android.gms.internal.mlkit_vision_segmentation_bundled.zzjx
com.google.android.gms.internal.mlkit_vision_internal_vkp.zzea: com.google.android.gms.internal.mlkit_vision_internal_vkp.zzdr zzf
com.google.android.gms.internal.mlkit_vision_internal_vkp.zzrh: com.google.android.gms.internal.mlkit_vision_internal_vkp.zzrh[] values()
com.google.android.gms.internal.mlkit_vision_object_detection_custom.zzgq: com.google.android.gms.internal.mlkit_vision_object_detection_custom.zzhq zzj
com.google.android.gms.internal.mlkit_vision_internal_vkp.zzsn: int zze
androidx.lifecycle.Lifecycle$Event: androidx.lifecycle.Lifecycle$Event ON_PAUSE
androidx.versionedparcelable.ParcelImpl
com.google.android.gms.internal.mlkit_vision_pose_common.zzjz
com.google.android.gms.internal.mlkit_vision_segmentation_bundled.zzdq: int zze
com.google.android.gms.internal.mlkit_vision_segmentation_bundled.zzix
com.google.android.gms.internal.mlkit_vision_internal_vkp.zzud: com.google.android.gms.internal.mlkit_vision_internal_vkp.zzud zzh
com.google.android.gms.internal.mlkit_vision_label_custom.zzgq: com.google.android.gms.internal.mlkit_vision_label_custom.zzey zzH
com.google.android.gms.internal.mlkit_vision_internal_vkp.zzey: com.google.android.gms.internal.mlkit_vision_internal_vkp.zzey zzg
com.google.android.gms.internal.mlkit_vision_internal_vkp.zzaqv
com.google.android.gms.internal.mlkit_vision_object_detection_bundled.zzhw: int zzb
androidx.appcompat.widget.ContentFrameLayout: android.util.TypedValue getMinWidthMajor()
com.google.android.gms.internal.mlkit_vision_label_custom.zzjv: int zzf
com.google.android.gms.vision.face.internal.client.LandmarkParcel
com.google.android.gms.internal.mlkit_vision_object_detection_custom.zzfx: com.google.android.gms.internal.mlkit_vision_object_detection_custom.zzfx[] values()