app/build/outputs/mapping/proguard/mapping.txt
# compiler: R8
# compiler_version: 2.1.75
# min_api: 16
# pg_map_id: b981fc8
# common_typos_disable
com.google.mlkit.vision.demo.-$$Lambda$GraphicOverlay$yBr5SAOGGutsB1HtBTmDsJ51qbk -> com.google.mlkit.vision.demo.a:
    com.google.mlkit.vision.demo.GraphicOverlay f$0 -> a
com.google.mlkit.vision.demo.-$$Lambda$ScopedExecutor$lkNgwdrb7pP5DHNgQbq5L9WrP-g -> com.google.mlkit.vision.demo.b:
    java.lang.Runnable f$1 -> c
    com.google.mlkit.vision.demo.ScopedExecutor f$0 -> b
com.google.mlkit.vision.demo.BitmapUtils -> com.google.mlkit.vision.demo.c:
    android.graphics.Bitmap getBitmap(java.nio.ByteBuffer,com.google.mlkit.vision.demo.FrameMetadata) -> a
    android.graphics.Bitmap rotateBitmap(android.graphics.Bitmap,int,boolean,boolean) -> b
com.google.mlkit.vision.demo.CameraImageGraphic -> com.google.mlkit.vision.demo.d:
    android.graphics.Bitmap bitmap -> b
    void draw(android.graphics.Canvas) -> a
com.google.mlkit.vision.demo.CameraSource -> com.google.mlkit.vision.demo.e:
    java.lang.Object processorLock -> j
    com.google.mlkit.vision.demo.GraphicOverlay graphicOverlay -> g
    java.util.IdentityHashMap bytesToByteBuffer -> l
    android.hardware.Camera camera -> b
    com.google.mlkit.vision.demo.CameraSource$FrameProcessingRunnable processingRunnable -> i
    int rotationDegrees -> d
    com.google.mlkit.vision.demo.VisionImageProcessor frameProcessor -> k
    android.app.Activity activity -> a
    int facing -> c
    com.google.android.gms.common.images.Size previewSize -> e
    android.graphics.SurfaceTexture dummySurfaceTexture -> f
    java.lang.Thread processingThread -> h
    com.google.mlkit.vision.demo.CameraSource$FrameProcessingRunnable access$100(com.google.mlkit.vision.demo.CameraSource) -> a
    java.util.IdentityHashMap access$200(com.google.mlkit.vision.demo.CameraSource) -> b
    java.lang.Object access$300(com.google.mlkit.vision.demo.CameraSource) -> c
    int access$400(com.google.mlkit.vision.demo.CameraSource) -> d
    com.google.android.gms.common.images.Size access$500(com.google.mlkit.vision.demo.CameraSource) -> e
    com.google.mlkit.vision.demo.GraphicOverlay access$600(com.google.mlkit.vision.demo.CameraSource) -> f
    com.google.mlkit.vision.demo.VisionImageProcessor access$700(com.google.mlkit.vision.demo.CameraSource) -> g
    android.hardware.Camera access$800(com.google.mlkit.vision.demo.CameraSource) -> h
com.google.mlkit.vision.demo.CameraSource$1 -> com.google.mlkit.vision.demo.e$a:
com.google.mlkit.vision.demo.CameraSource$CameraPreviewCallback -> com.google.mlkit.vision.demo.e$b:
    com.google.mlkit.vision.demo.CameraSource this$0 -> a
com.google.mlkit.vision.demo.CameraSource$FrameProcessingRunnable -> com.google.mlkit.vision.demo.e$c:
    java.lang.Object lock -> b
    java.nio.ByteBuffer pendingFrameData -> d
    com.google.mlkit.vision.demo.CameraSource this$0 -> e
    boolean active -> c
    void setActive(boolean) -> a
    void setNextFrame(byte[],android.hardware.Camera) -> b
com.google.mlkit.vision.demo.CameraSource$SizePair -> com.google.mlkit.vision.demo.e$d:
    com.google.android.gms.common.images.Size preview -> a
    com.google.android.gms.common.images.Size picture -> b
com.google.mlkit.vision.demo.CameraSourcePreview -> com.google.mlkit.vision.demo.CameraSourcePreview:
    android.content.Context context -> b
    com.google.mlkit.vision.demo.GraphicOverlay overlay -> g
    boolean surfaceAvailable -> e
    android.view.SurfaceView surfaceView -> c
    com.google.mlkit.vision.demo.CameraSource cameraSource -> f
    boolean startRequested -> d
    boolean access$102(com.google.mlkit.vision.demo.CameraSourcePreview,boolean) -> a
    void access$200(com.google.mlkit.vision.demo.CameraSourcePreview) -> b
    boolean isPortraitMode() -> c
    void start(com.google.mlkit.vision.demo.CameraSource) -> d
    void start(com.google.mlkit.vision.demo.CameraSource,com.google.mlkit.vision.demo.GraphicOverlay) -> e
    void startIfReady() -> f
    void stop() -> g
com.google.mlkit.vision.demo.CameraSourcePreview$1 -> com.google.mlkit.vision.demo.CameraSourcePreview$a:
...
com.google.android.gms.internal.mlkit_vision_internal_vkp.zzaev -> c.a.a.b.e.i.w3:
com.google.android.gms.internal.mlkit_vision_internal_vkp.zzaew -> c.a.a.b.e.i.x3:
com.google.android.gms.internal.mlkit_vision_internal_vkp.zzaex -> c.a.a.b.e.i.y3:
    java.util.Iterator zza -> a
    java.lang.Iterable zzb -> b
    java.lang.Iterable zza() -> a
    java.util.Iterator zzb() -> b
com.google.android.gms.internal.mlkit_vision_internal_vkp.zzaey -> c.a.a.b.e.i.z3:
    java.lang.Comparable zzb -> b
    com.google.android.gms.internal.mlkit_vision_internal_vkp.zzafb zza -> d
    java.lang.Object zzc -> c
    boolean zzb(java.lang.Object,java.lang.Object) -> A
    java.lang.Comparable zza() -> z
com.google.android.gms.internal.mlkit_vision_internal_vkp.zzaez -> c.a.a.b.e.i.a4:
    java.util.Iterator zzd -> d
    com.google.android.gms.internal.mlkit_vision_internal_vkp.zzafb zza -> e
    int zzb -> b
    boolean zzc -> c
    java.util.Iterator zza() -> a
com.google.android.gms.internal.mlkit_vision_internal_vkp.zzaf -> c.a.a.b.e.i.b4:
    com.google.android.gms.internal.mlkit_vision_internal_vkp.zzaf zza() -> C
    java.lang.Object zzb(int,java.lang.Object,java.lang.Object) -> w
com.google.android.gms.internal.mlkit_vision_internal_vkp.zzafa -> c.a.a.b.e.i.c4:
    com.google.android.gms.internal.mlkit_vision_internal_vkp.zzafb zza -> b
com.google.android.gms.internal.mlkit_vision_internal_vkp.zzafb -> c.a.a.b.e.i.d4:
    java.util.Map zzc -> d
    com.google.android.gms.internal.mlkit_vision_internal_vkp.zzafa zze -> f
    java.util.List zzb -> c
    boolean zzd -> e
    int zza -> b
    java.util.Map zzf -> g
    void zza() -> a
    boolean zzb() -> b
    int zzc() -> c
    java.util.Map$Entry zzd(int) -> d
    java.lang.Iterable zze() -> e
    java.lang.Object zzf(java.lang.Comparable,java.lang.Object) -> f
    void zzg(com.google.android.gms.internal.mlkit_vision_internal_vkp.zzafb) -> g
    java.util.List zzh(com.google.android.gms.internal.mlkit_vision_internal_vkp.zzafb) -> h
    java.util.Map zzi(com.google.android.gms.internal.mlkit_vision_internal_vkp.zzafb) -> i
    java.lang.Object zzj(com.google.android.gms.internal.mlkit_vision_internal_vkp.zzafb,int) -> j
    java.lang.Object zzk(int) -> k
    int zzl(java.lang.Comparable) -> l
    void zzm() -> m
    java.util.SortedMap zzn() -> n
com.google.android.gms.internal.mlkit_vision_internal_vkp.zzafc -> c.a.a.b.e.i.e4:
    int zzc() -> a
com.google.android.gms.internal.mlkit_vision_internal_vkp.zzafd -> c.a.a.b.e.i.f4:
    java.lang.String zza(com.google.android.gms.internal.mlkit_vision_internal_vkp.zzabo) -> a
com.google.android.gms.internal.mlkit_vision_internal_vkp.zzafe -> c.a.a.b.e.i.g4:
com.google.android.gms.internal.mlkit_vision_internal_vkp.zzaff -> c.a.a.b.e.i.h4:
    void zza(java.lang.Object,int,long) -> a
    void zzb(java.lang.Object,int,com.google.android.gms.internal.mlkit_vision_internal_vkp.zzabo) -> b
    java.lang.Object zzc() -> c
    void zzd(java.lang.Object,java.lang.Object) -> d
    java.lang.Object zze(java.lang.Object) -> e
    void zzf(java.lang.Object,java.lang.Object) -> f
    void zzg(java.lang.Object) -> g
    void zzh(java.lang.Object,com.google.android.gms.internal.mlkit_vision_internal_vkp.zzafz) -> h
    void zzi(java.lang.Object,com.google.android.gms.internal.mlkit_vision_internal_vkp.zzafz) -> i
    java.lang.Object zzj(java.lang.Object,java.lang.Object) -> j
    int zzk(java.lang.Object) -> k
    int zzl(java.lang.Object) -> l