app/build/outputs/mapping/proguard/usage.txt
com.google.mlkit.vision.demo.R
com.google.mlkit.vision.demo.java.posedetector.classification.Utils:
    private void <init>()
    public static com.google.mlkit.vision.common.PointF3D add(com.google.mlkit.vision.common.PointF3D,com.google.mlkit.vision.common.PointF3D)
    public static void addAll(java.util.List,com.google.mlkit.vision.common.PointF3D)
com.google.mlkit.vision.demo.java.posedetector.classification.PoseEmbedding:
    private void <init>()
    private static final float TORSO_MULTIPLIER
com.google.mlkit.vision.demo.BuildConfig
com.google.mlkit.vision.demo.preference.PreferenceUtils:
    public static android.util.Size getCameraXTargetResolution(android.content.Context,int)
    public static com.google.mlkit.vision.objects.defaults.ObjectDetectorOptions getObjectDetectorOptionsForStillImage(android.content.Context)
    public static com.google.mlkit.vision.objects.defaults.ObjectDetectorOptions getObjectDetectorOptionsForLivePreview(android.content.Context)
    private static com.google.mlkit.vision.objects.defaults.ObjectDetectorOptions getObjectDetectorOptions(android.content.Context,int,int,int)
    public static com.google.mlkit.vision.objects.custom.CustomObjectDetectorOptions getCustomObjectDetectorOptionsForStillImage(android.content.Context,com.google.mlkit.common.model.LocalModel)
    public static com.google.mlkit.vision.objects.custom.CustomObjectDetectorOptions getCustomObjectDetectorOptionsForLivePreview(android.content.Context,com.google.mlkit.common.model.LocalModel)
    private static com.google.mlkit.vision.objects.custom.CustomObjectDetectorOptions getCustomObjectDetectorOptions(android.content.Context,com.google.mlkit.common.model.LocalModel,int,int,int)
    public static com.google.mlkit.vision.face.FaceDetectorOptions getFaceDetectorOptionsForLivePreview(android.content.Context)
    public static com.google.mlkit.vision.pose.PoseDetectorOptionsBase getPoseDetectorOptionsForStillImage(android.content.Context)
com.google.mlkit.vision.demo.java.VisionProcessorBase:
    private static synthetic void lambda$processImageProxy$1(androidx.camera.core.ImageProxy,com.google.android.gms.tasks.Task)
    public void processBitmap(android.graphics.Bitmap,com.google.mlkit.vision.demo.GraphicOverlay)
    public void processImageProxy(androidx.camera.core.ImageProxy,com.google.mlkit.vision.demo.GraphicOverlay)
    protected static final java.lang.String MANUAL_TESTING_LOG
    private static final java.lang.String TAG
com.google.mlkit.vision.demo.CameraSourcePreview:
    public void release()
    private static final java.lang.String TAG
com.google.mlkit.vision.demo.R$array
com.google.mlkit.vision.demo.GraphicOverlay$Graphic:
    public android.content.Context getApplicationContext()
    public boolean isImageFlipped()
com.google.mlkit.vision.demo.java.posedetector.PoseDetectorProcessor:
    private static final java.lang.String TAG
com.google.mlkit.vision.demo.R$dimen
com.google.mlkit.vision.demo.R$interpolator
com.google.mlkit.vision.demo.R$style
com.google.mlkit.vision.demo.java.posedetector.PoseDetectorProcessor$PoseWithClassification:
    public com.google.mlkit.vision.pose.Pose getPose()
    public java.util.List getClassificationResult()
com.google.mlkit.vision.demo.R$xml
com.google.mlkit.vision.demo.java.posedetector.classification.EMASmoothing:
    private static final int DEFAULT_WINDOW_SIZE
    private static final float DEFAULT_ALPHA
com.google.mlkit.vision.demo.R$anim
com.google.mlkit.vision.demo.java.posedetector.classification.PoseClassifierProcessor:
    private static final java.lang.String TAG
    private static final java.lang.String POSE_SAMPLES_FILE
    private static final java.lang.String PUSHUPS_CLASS
    private static final java.lang.String SQUATS_CLASS
com.google.mlkit.vision.demo.R$drawable
...
androidx.vectordrawable.R$attr
androidx.camera.camera2.internal.compat.params.OutputConfigurationCompatBaseImpl
androidx.camera.core.CameraControl$OperationCanceledException
androidx.constraintlayout.motion.widget.SplineSet$PathRotate
androidx.camera.camera2.internal.SupportedSizeConstraints$ExcludedSizeConstraint
androidx.core.graphics.ColorUtils:
    private void <init>()
    public static android.graphics.Color compositeColors(android.graphics.Color,android.graphics.Color)
    public static double calculateLuminance(int)
    public static double calculateContrast(int,int)
    public static int calculateMinimumAlpha(int,int,float)
    public static void RGBToHSL(int,int,int,float[])
    public static void colorToHSL(int,float[])
    public static int HSLToColor(float[])
    public static void colorToLAB(int,double[])
    public static void RGBToLAB(int,int,int,double[])
    public static void colorToXYZ(int,double[])
    public static void RGBToXYZ(int,int,int,double[])
    public static void XYZToLAB(double,double,double,double[])
    public static void LABToXYZ(double,double,double,double[])
    public static int XYZToColor(double,double,double)
    public static int LABToColor(double,double,double)
    public static double distanceEuclidean(double[],double[])
    private static float constrain(float,float,float)
    private static int constrain(int,int,int)
    private static double pivotXyzComponent(double)
    public static int blendARGB(int,int,float)
    public static void blendHSL(float[],float[],float,float[])
    public static void blendLAB(double[],double[],double,double[])
    static float circularInterpolate(float,float,float)
    private static double[] getTempDouble3Array()
    private static final double XYZ_WHITE_REFERENCE_X
com.google.android.gms.internal.mlkit_vision_label_bundled.zzdk:
    private void <init>()
com.google.common.base.Joiner$2
com.google.gson.internal.bind.CollectionTypeAdapterFactory
androidx.core.content.res.ResourcesCompat:
    public static android.graphics.drawable.Drawable getDrawableForDensity(android.content.res.Resources,int,int,android.content.res.Resources$Theme)
    public static int getColor(android.content.res.Resources,int,android.content.res.Resources$Theme)
    public static android.content.res.ColorStateList getColorStateList(android.content.res.Resources,int,android.content.res.Resources$Theme)
    public static float getFloat(android.content.res.Resources,int)
    public static android.graphics.Typeface getFont(android.content.Context,int)
    public static void getFont(android.content.Context,int,androidx.core.content.res.ResourcesCompat$FontCallback,android.os.Handler)
    private void <init>()
    private static final java.lang.String TAG
    public static final int ID_NULL
com.google.android.gms.internal.mlkit_vision_internal_vkp.zzhq:
    static void <clinit>()
    static final synthetic int[] zza
com.google.common.collect.SortedMultisets
com.google.gson.internal.GsonBuildConfig
com.google.android.gms.vision.barcode.zzk
com.google.common.collect.Multisets$AbstractEntry
androidx.core.view.WindowInsetsCompat$Impl29:
    androidx.core.graphics.Insets getSystemGestureInsets()
    androidx.core.graphics.Insets getMandatorySystemGestureInsets()
    androidx.core.graphics.Insets getTappableElementInsets()
com.google.android.gms.internal.mlkit_vision_label_bundled.zzch:
    public final com.google.firebase.encoders.ValueEncoderContext add(float)
    public final com.google.firebase.encoders.ValueEncoderContext add(double)
    public final com.google.firebase.encoders.ValueEncoderContext add(int)
    public final com.google.firebase.encoders.ValueEncoderContext add(long)
    public final com.google.firebase.encoders.ValueEncoderContext add(byte[])
androidx.camera.core.ImageAnalysisAbstractAnalyzer
com.google.common.collect.Maps$FilteredEntryMap$EntrySet
kotlin.time.DurationUnitKt__DurationUnitJvmKt
com.google.common.io.ByteProcessor